# JRE version: OpenJDK Runtime Environment Temurin-21.0.9+10 (21.0.9+10) (build 21.0.9+10-LTS)
# Java VM: OpenJDK 64-Bit Server VM Temurin-21.0.9+10 (21.0.9+10-LTS, mixed mode, sharing, tiered, compressed oops, compressed class ptrs, parallel gc, windows-amd64)
GC Precious Log:
 CardTable entry size: 512
 CPUs: 16 total, 16 available
 Memory: 15713M
 Large Page Support: Disabled
 NUMA Support: Disabled
 Compressed Oops: Enabled (32-bit)
 Alignments: Space 512K, Generation 512K, Heap 2M
 Heap Min Capacity: 100M
 Heap Initial Capacity: 100M
 Heap Max Capacity: 2G
 Pre-touch: Disabled
 Parallel Workers: 13
Heap:
 PSYoungGen      total 9728K, used 416K [0x00000000d5580000, 0x00000000d6600000, 0x0000000100000000)
  eden space 9216K, 0% used [0x00000000d5580000,0x00000000d5580000,0x00000000d5e80000)
  from space 512K, 81% used [0x00000000d6500000,0x00000000d6568000,0x00000000d6580000)
  to   space 512K, 0% used [0x00000000d6580000,0x00000000d6580000,0x00000000d6600000)
 ParOldGen       total 947200K, used 719705K [0x0000000080000000, 0x00000000b9d00000, 0x00000000d5580000)
  object space 947200K, 75% used [0x0000000080000000,0x00000000abed6530,0x00000000b9d00000)
 Metaspace       used 103413K, committed 105600K, reserved 1179648K
  class space    used 10953K, committed 11904K, reserved 1048576K
GC Heap History (20 events):
Event: 3366.058 GC heap after
{Heap after GC invocations=1986 (full 4):
 PSYoungGen      total 9728K, used 480K [0x00000000d5580000, 0x00000000d6600000, 0x0000000100000000)
  eden space 9216K, 0% used [0x00000000d5580000,0x00000000d5580000,0x00000000d5e80000)
  from space 512K, 93% used [0x00000000d6580000,0x00000000d65f8000,0x00000000d6600000)
  to   space 512K, 0% used [0x00000000d6500000,0x00000000d6500000,0x00000000d6580000)
 ParOldGen       total 947200K, used 718091K [0x0000000080000000, 0x00000000b9d00000, 0x00000000d5580000)
  object space 947200K, 75% used [0x0000000080000000,0x00000000abd42ef0,0x00000000b9d00000)
 Metaspace       used 102997K, committed 105088K, reserved 1179648K
  class space    used 10926K, committed 11840K, reserved 1048576K
}
Event: 3366.214 GC heap before
{Heap before GC invocations=1987 (full 4):
 PSYoungGen      total 9728K, used 9696K [0x00000000d5580000, 0x00000000d6600000, 0x0000000100000000)
  eden space 9216K, 100% used [0x00000000d5580000,0x00000000d5e80000,0x00000000d5e80000)
  from space 512K, 93% used [0x00000000d6580000,0x00000000d65f8000,0x00000000d6600000)
  to   space 512K, 0% used [0x00000000d6500000,0x00000000d6500000,0x00000000d6580000)
 ParOldGen       total 947200K, used 718091K [0x0000000080000000, 0x00000000b9d00000, 0x00000000d5580000)
  object space 947200K, 75% used [0x0000000080000000,0x00000000abd42ef0,0x00000000b9d00000)
 Metaspace       used 103030K, committed 105152K, reserved 1179648K
  class space    used 10926K, committed 11840K, reserved 1048576K
}
Event: 3366.216 GC heap after
{Heap after GC invocations=1987 (full 4):
 PSYoungGen      total 9728K, used 464K [0x00000000d5580000, 0x00000000d6600000, 0x0000000100000000)
  eden space 9216K, 0% used [0x00000000d5580000,0x00000000d5580000,0x00000000d5e80000)
  from space 512K, 90% used [0x00000000d6500000,0x00000000d6574030,0x00000000d6580000)
  to   space 512K, 0% used [0x00000000d6580000,0x00000000d6580000,0x00000000d6600000)
 ParOldGen       total 947200K, used 718131K [0x0000000080000000, 0x00000000b9d00000, 0x00000000d5580000)
  object space 947200K, 75% used [0x0000000080000000,0x00000000abd4cef0,0x00000000b9d00000)
 Metaspace       used 103030K, committed 105152K, reserved 1179648K
  class space    used 10926K, committed 11840K, reserved 1048576K
}
Event: 3366.425 GC heap before
{Heap before GC invocations=1988 (full 4):
 PSYoungGen      total 9728K, used 9680K [0x00000000d5580000, 0x00000000d6600000, 0x0000000100000000)
  eden space 9216K, 100% used [0x00000000d5580000,0x00000000d5e80000,0x00000000d5e80000)
  from space 512K, 90% used [0x00000000d6500000,0x00000000d6574030,0x00000000d6580000)
  to   space 512K, 0% used [0x00000000d6580000,0x00000000d6580000,0x00000000d6600000)
 ParOldGen       total 947200K, used 718131K [0x0000000080000000, 0x00000000b9d00000, 0x00000000d5580000)
  object space 947200K, 75% used [0x0000000080000000,0x00000000abd4cef0,0x00000000b9d00000)
 Metaspace       used 103044K, committed 105216K, reserved 1179648K
  class space    used 10927K, committed 11904K, reserved 1048576K
}
Event: 3366.427 GC heap after
{Heap after GC invocations=1988 (full 4):
 PSYoungGen      total 9728K, used 474K [0x00000000d5580000, 0x00000000d6600000, 0x0000000100000000)
  eden space 9216K, 0% used [0x00000000d5580000,0x00000000d5580000,0x00000000d5e80000)
  from space 512K, 92% used [0x00000000d6580000,0x00000000d65f6900,0x00000000d6600000)
  to   space 512K, 0% used [0x00000000d6500000,0x00000000d6500000,0x00000000d6580000)
 ParOldGen       total 947200K, used 718283K [0x0000000080000000, 0x00000000b9d00000, 0x00000000d5580000)
  object space 947200K, 75% used [0x0000000080000000,0x00000000abd72f10,0x00000000b9d00000)
 Metaspace       used 103044K, committed 105216K, reserved 1179648K
  class space    used 10927K, committed 11904K, reserved 1048576K
}
Event: 3366.466 GC heap before
{Heap before GC invocations=1989 (full 4):
 PSYoungGen      total 9728K, used 9690K [0x00000000d5580000, 0x00000000d6600000, 0x0000000100000000)
  eden space 9216K, 100% used [0x00000000d5580000,0x00000000d5e80000,0x00000000d5e80000)
  from space 512K, 92% used [0x00000000d6580000,0x00000000d65f6900,0x00000000d6600000)
  to   space 512K, 0% used [0x00000000d6500000,0x00000000d6500000,0x00000000d6580000)
 ParOldGen       total 947200K, used 718283K [0x0000000080000000, 0x00000000b9d00000, 0x00000000d5580000)
  object space 947200K, 75% used [0x0000000080000000,0x00000000abd72f10,0x00000000b9d00000)
 Metaspace       used 103053K, committed 105216K, reserved 1179648K
  class space    used 10927K, committed 11904K, reserved 1048576K
}
Event: 3366.468 GC heap after
{Heap after GC invocations=1989 (full 4):
 PSYoungGen      total 9728K, used 506K [0x00000000d5580000, 0x00000000d6600000, 0x0000000100000000)
  eden space 9216K, 0% used [0x00000000d5580000,0x00000000d5580000,0x00000000d5e80000)
  from space 512K, 98% used [0x00000000d6500000,0x00000000d657e900,0x00000000d6580000)
  to   space 512K, 0% used [0x00000000d6580000,0x00000000d6580000,0x00000000d6600000)
 ParOldGen       total 947200K, used 718379K [0x0000000080000000, 0x00000000b9d00000, 0x00000000d5580000)
  object space 947200K, 75% used [0x0000000080000000,0x00000000abd8af10,0x00000000b9d00000)
 Metaspace       used 103053K, committed 105216K, reserved 1179648K
  class space    used 10927K, committed 11904K, reserved 1048576K
}
Event: 3368.340 GC heap before
{Heap before GC invocations=1990 (full 4):
 PSYoungGen      total 9728K, used 9722K [0x00000000d5580000, 0x00000000d6600000, 0x0000000100000000)
  eden space 9216K, 100% used [0x00000000d5580000,0x00000000d5e80000,0x00000000d5e80000)
  from space 512K, 98% used [0x00000000d6500000,0x00000000d657e900,0x00000000d6580000)
  to   space 512K, 0% used [0x00000000d6580000,0x00000000d6580000,0x00000000d6600000)
 ParOldGen       total 947200K, used 718379K [0x0000000080000000, 0x00000000b9d00000, 0x00000000d5580000)
  object space 947200K, 75% used [0x0000000080000000,0x00000000abd8af10,0x00000000b9d00000)
 Metaspace       used 103080K, committed 105280K, reserved 1179648K
  class space    used 10927K, committed 11904K, reserved 1048576K
}
Event: 3368.342 GC heap after
{Heap after GC invocations=1990 (full 4):
 PSYoungGen      total 9728K, used 432K [0x00000000d5580000, 0x00000000d6600000, 0x0000000100000000)
  eden space 9216K, 0% used [0x00000000d5580000,0x00000000d5580000,0x00000000d5e80000)
  from space 512K, 84% used [0x00000000d6580000,0x00000000d65ec010,0x00000000d6600000)
  to   space 512K, 0% used [0x00000000d6500000,0x00000000d6500000,0x00000000d6580000)
 ParOldGen       total 947200K, used 718752K [0x0000000080000000, 0x00000000b9d00000, 0x00000000d5580000)
  object space 947200K, 75% used [0x0000000080000000,0x00000000abde8120,0x00000000b9d00000)
 Metaspace       used 103080K, committed 105280K, reserved 1179648K
  class space    used 10927K, committed 11904K, reserved 1048576K
}
Event: 3368.487 GC heap before
{Heap before GC invocations=1991 (full 4):
 PSYoungGen      total 9728K, used 9648K [0x00000000d5580000, 0x00000000d6600000, 0x0000000100000000)
  eden space 9216K, 100% used [0x00000000d5580000,0x00000000d5e80000,0x00000000d5e80000)
  from space 512K, 84% used [0x00000000d6580000,0x00000000d65ec010,0x00000000d6600000)
  to   space 512K, 0% used [0x00000000d6500000,0x00000000d6500000,0x00000000d6580000)
 ParOldGen       total 947200K, used 718752K [0x0000000080000000, 0x00000000b9d00000, 0x00000000d5580000)
  object space 947200K, 75% used [0x0000000080000000,0x00000000abde8120,0x00000000b9d00000)
 Metaspace       used 103105K, committed 105280K, reserved 1179648K
  class space    used 10927K, committed 11904K, reserved 1048576K
}
Event: 3368.488 GC heap after
{Heap after GC invocations=1991 (full 4):
 PSYoungGen      total 9728K, used 432K [0x00000000d5580000, 0x00000000d6600000, 0x0000000100000000)
  eden space 9216K, 0% used [0x00000000d5580000,0x00000000d5580000,0x00000000d5e80000)
  from space 512K, 84% used [0x00000000d6500000,0x00000000d656c010,0x00000000d6580000)
  to   space 512K, 0% used [0x00000000d6580000,0x00000000d6580000,0x00000000d6600000)
 ParOldGen       total 947200K, used 718888K [0x0000000080000000, 0x00000000b9d00000, 0x00000000d5580000)
  object space 947200K, 75% used [0x0000000080000000,0x00000000abe0a120,0x00000000b9d00000)
 Metaspace       used 103105K, committed 105280K, reserved 1179648K
  class space    used 10927K, committed 11904K, reserved 1048576K
}
Event: 3368.758 GC heap before
{Heap before GC invocations=1992 (full 4):
 PSYoungGen      total 9728K, used 9648K [0x00000000d5580000, 0x00000000d6600000, 0x0000000100000000)
  eden space 9216K, 100% used [0x00000000d5580000,0x00000000d5e80000,0x00000000d5e80000)
  from space 512K, 84% used [0x00000000d6500000,0x00000000d656c010,0x00000000d6580000)
  to   space 512K, 0% used [0x00000000d6580000,0x00000000d6580000,0x00000000d6600000)
 ParOldGen       total 947200K, used 718888K [0x0000000080000000, 0x00000000b9d00000, 0x00000000d5580000)
  object space 947200K, 75% used [0x0000000080000000,0x00000000abe0a120,0x00000000b9d00000)
 Metaspace       used 103115K, committed 105344K, reserved 1179648K
  class space    used 10927K, committed 11904K, reserved 1048576K
}
Event: 3368.759 GC heap after
{Heap after GC invocations=1992 (full 4):
 PSYoungGen      total 9728K, used 352K [0x00000000d5580000, 0x00000000d6600000, 0x0000000100000000)
  eden space 9216K, 0% used [0x00000000d5580000,0x00000000d5580000,0x00000000d5e80000)
  from space 512K, 68% used [0x00000000d6580000,0x00000000d65d8000,0x00000000d6600000)
  to   space 512K, 0% used [0x00000000d6500000,0x00000000d6500000,0x00000000d6580000)
 ParOldGen       total 947200K, used 718936K [0x0000000080000000, 0x00000000b9d00000, 0x00000000d5580000)
  object space 947200K, 75% used [0x0000000080000000,0x00000000abe16120,0x00000000b9d00000)
 Metaspace       used 103115K, committed 105344K, reserved 1179648K
  class space    used 10927K, committed 11904K, reserved 1048576K
}
Event: 3369.264 GC heap before
{Heap before GC invocations=1993 (full 4):
 PSYoungGen      total 9728K, used 9568K [0x00000000d5580000, 0x00000000d6600000, 0x0000000100000000)
  eden space 9216K, 100% used [0x00000000d5580000,0x00000000d5e80000,0x00000000d5e80000)
  from space 512K, 68% used [0x00000000d6580000,0x00000000d65d8000,0x00000000d6600000)
  to   space 512K, 0% used [0x00000000d6500000,0x00000000d6500000,0x00000000d6580000)
 ParOldGen       total 947200K, used 718936K [0x0000000080000000, 0x00000000b9d00000, 0x00000000d5580000)
  object space 947200K, 75% used [0x0000000080000000,0x00000000abe16120,0x00000000b9d00000)
 Metaspace       used 103187K, committed 105472K, reserved 1179648K
  class space    used 10927K, committed 11904K, reserved 1048576K
}
Event: 3369.265 GC heap after
{Heap after GC invocations=1993 (full 4):
 PSYoungGen      total 9728K, used 500K [0x00000000d5580000, 0x00000000d6600000, 0x0000000100000000)
  eden space 9216K, 0% used [0x00000000d5580000,0x00000000d5580000,0x00000000d5e80000)
  from space 512K, 97% used [0x00000000d6500000,0x00000000d657d200,0x00000000d6580000)
  to   space 512K, 0% used [0x00000000d6580000,0x00000000d6580000,0x00000000d6600000)
 ParOldGen       total 947200K, used 719040K [0x0000000080000000, 0x00000000b9d00000, 0x00000000d5580000)
  object space 947200K, 75% used [0x0000000080000000,0x00000000abe30130,0x00000000b9d00000)
 Metaspace       used 103187K, committed 105472K, reserved 1179648K
  class space    used 10927K, committed 11904K, reserved 1048576K
}
Event: 3371.788 GC heap before
{Heap before GC invocations=1994 (full 4):
 PSYoungGen      total 9728K, used 9716K [0x00000000d5580000, 0x00000000d6600000, 0x0000000100000000)
  eden space 9216K, 100% used [0x00000000d5580000,0x00000000d5e80000,0x00000000d5e80000)
  from space 512K, 97% used [0x00000000d6500000,0x00000000d657d200,0x00000000d6580000)
  to   space 512K, 0% used [0x00000000d6580000,0x00000000d6580000,0x00000000d6600000)
 ParOldGen       total 947200K, used 719040K [0x0000000080000000, 0x00000000b9d00000, 0x00000000d5580000)
  object space 947200K, 75% used [0x0000000080000000,0x00000000abe30130,0x00000000b9d00000)
 Metaspace       used 103318K, committed 105536K, reserved 1179648K
  class space    used 10946K, committed 11904K, reserved 1048576K
}
Event: 3371.790 GC heap after
{Heap after GC invocations=1994 (full 4):
 PSYoungGen      total 9728K, used 404K [0x00000000d5580000, 0x00000000d6600000, 0x0000000100000000)
  eden space 9216K, 0% used [0x00000000d5580000,0x00000000d5580000,0x00000000d5e80000)
  from space 512K, 79% used [0x00000000d6580000,0x00000000d65e5200,0x00000000d6600000)
  to   space 512K, 0% used [0x00000000d6500000,0x00000000d6500000,0x00000000d6580000)
 ParOldGen       total 947200K, used 719524K [0x0000000080000000, 0x00000000b9d00000, 0x00000000d5580000)
  object space 947200K, 75% used [0x0000000080000000,0x00000000abea9330,0x00000000b9d00000)
 Metaspace       used 103318K, committed 105536K, reserved 1179648K
  class space    used 10946K, committed 11904K, reserved 1048576K
}
Event: 3371.821 GC heap before
{Heap before GC invocations=1995 (full 4):
 PSYoungGen      total 9728K, used 3059K [0x00000000d5580000, 0x00000000d6600000, 0x0000000100000000)
  eden space 9216K, 28% used [0x00000000d5580000,0x00000000d5817cd8,0x00000000d5e80000)
  from space 512K, 79% used [0x00000000d6580000,0x00000000d65e5200,0x00000000d6600000)
  to   space 512K, 0% used [0x00000000d6500000,0x00000000d6500000,0x00000000d6580000)
 ParOldGen       total 947200K, used 719524K [0x0000000080000000, 0x00000000b9d00000, 0x00000000d5580000)
  object space 947200K, 75% used [0x0000000080000000,0x00000000abea9330,0x00000000b9d00000)
 Metaspace       used 103413K, committed 105600K, reserved 1179648K
  class space    used 10953K, committed 11904K, reserved 1048576K
}
Event: 3371.823 GC heap after
{Heap after GC invocations=1995 (full 4):
 PSYoungGen      total 9728K, used 416K [0x00000000d5580000, 0x00000000d6600000, 0x0000000100000000)
  eden space 9216K, 0% used [0x00000000d5580000,0x00000000d5580000,0x00000000d5e80000)
  from space 512K, 81% used [0x00000000d6500000,0x00000000d6568000,0x00000000d6580000)
  to   space 512K, 0% used [0x00000000d6580000,0x00000000d6580000,0x00000000d6600000)
 ParOldGen       total 947200K, used 719705K [0x0000000080000000, 0x00000000b9d00000, 0x00000000d5580000)
  object space 947200K, 75% used [0x0000000080000000,0x00000000abed6530,0x00000000b9d00000)
 Metaspace       used 103413K, committed 105600K, reserved 1179648K
  class space    used 10953K, committed 11904K, reserved 1048576K
}
Event: 3371.823 GC heap before
{Heap before GC invocations=1996 (full 5):
 PSYoungGen      total 9728K, used 416K [0x00000000d5580000, 0x00000000d6600000, 0x0000000100000000)
  eden space 9216K, 0% used [0x00000000d5580000,0x00000000d5580000,0x00000000d5e80000)
  from space 512K, 81% used [0x00000000d6500000,0x00000000d6568000,0x00000000d6580000)
  to   space 512K, 0% used [0x00000000d6580000,0x00000000d6580000,0x00000000d6600000)
 ParOldGen       total 947200K, used 719705K [0x0000000080000000, 0x00000000b9d00000, 0x00000000d5580000)
  object space 947200K, 75% used [0x0000000080000000,0x00000000abed6530,0x00000000b9d00000)
 Metaspace       used 103413K, committed 105600K, reserved 1179648K
  class space    used 10953K, committed 11904K, reserved 1048576K
}

